2026-04-15 21:38:04.163 INFO  VibeTags v1.0.0-SNAPSHOT | https://github.com/PIsberg/vibetags
2026-04-15 21:38:04.169 INFO  Root: C:\dev\private\blindbean\blindbean-example
2026-04-15 21:38:04.178 INFO  Active services (0): 
2026-04-15 21:38:04.178 INFO  @AIPrivacy: 1 — batchedReadings
2026-04-16 00:39:26.729 INFO  VibeTags v0.5.0 | https://github.com/PIsberg/vibetags
2026-04-16 00:39:26.732 INFO  Root: C:\dev\private\blindbean\blindbean-example
2026-04-16 00:39:26.736 INFO  Active services (0): 
2026-04-16 00:39:26.736 INFO  @AIPrivacy: 1 — batchedReadings
2026-04-16 00:39:27.127 INFO  VibeTags v0.5.0 | https://github.com/PIsberg/vibetags
2026-04-16 00:39:27.128 INFO  Root: C:\dev\private\blindbean\blindbean-example
2026-04-16 00:39:27.133 INFO  Active services (0): 
2026-04-16 00:43:40.550 INFO  VibeTags v0.5.0 | https://github.com/PIsberg/vibetags
2026-04-16 00:43:40.552 INFO  Root: C:\dev\private\blindbean\blindbean-example
2026-04-16 00:43:40.556 INFO  Active services (0): 
2026-04-16 00:44:12.684 INFO  VibeTags v0.5.0 | https://github.com/PIsberg/vibetags
2026-04-16 00:44:12.686 INFO  Root: C:\dev\private\blindbean\blindbean-example
2026-04-16 00:44:12.689 INFO  Active services (0): 
2026-04-19 01:47:47.478 INFO  VibeTags v0.5.0 | https://github.com/PIsberg/vibetags
2026-04-19 01:47:47.480 INFO  Root: C:\dev\private\blindbean\blindbean-example
2026-04-19 01:47:47.483 INFO  Active services (0): 
2026-04-19 01:47:47.483 INFO  @AIPrivacy: 1 — batchedReadings
2026-04-19 01:47:47.948 INFO  VibeTags v0.5.0 | https://github.com/PIsberg/vibetags
2026-04-19 01:47:47.949 INFO  Root: C:\dev\private\blindbean\blindbean-example
2026-04-19 01:47:47.952 INFO  Active services (0): 
2026-04-19 01:48:09.641 INFO  VibeTags v0.5.0 | https://github.com/PIsberg/vibetags
2026-04-19 01:48:09.644 INFO  Root: C:\dev\private\blindbean\blindbean-example
2026-04-19 01:48:09.648 INFO  Active services (0): 
2026-04-19 01:48:09.648 INFO  @AIPrivacy: 1 — batchedReadings
2026-04-19 01:48:10.033 INFO  VibeTags v0.5.0 | https://github.com/PIsberg/vibetags
2026-04-19 01:48:10.034 INFO  Root: C:\dev\private\blindbean\blindbean-example
2026-04-19 01:48:10.038 INFO  Active services (0): 
2026-04-19 01:48:34.954 INFO  VibeTags v0.5.0 | https://github.com/PIsberg/vibetags
2026-04-19 01:48:34.956 INFO  Root: C:\dev\private\blindbean\blindbean-example
2026-04-19 01:48:34.959 INFO  Active services (0): 
2026-04-19 01:48:34.959 INFO  @AIPrivacy: 1 — batchedReadings
2026-04-19 01:48:35.397 INFO  VibeTags v0.5.0 | https://github.com/PIsberg/vibetags
2026-04-19 01:48:35.398 INFO  Root: C:\dev\private\blindbean\blindbean-example
2026-04-19 01:48:35.399 INFO  Active services (0): 
2026-07-14 14:32:27.053 INFO  VibeTags v0.9.5 | https://github.com/PIsberg/vibetags
2026-07-14 14:32:27.055 INFO  Root: C:\dev\private\blindbean\blindbean-example
2026-07-14 14:32:27.063 INFO  Active services (0): 
2026-07-14 14:32:27.064 INFO  @AIPrivacy: 1 — batchedReadings
2026-07-14 18:58:36.555 INFO  VibeTags v0.9.5 | https://github.com/PIsberg/vibetags
2026-07-14 18:58:36.556 INFO  Root: C:\dev\private\blindbean\blindbean-example
2026-07-14 18:58:36.580 INFO  Active services (0): 
2026-07-14 18:58:36.581 INFO  @AIPrivacy: 1 — batchedReadings
2026-07-14 19:01:23.720 INFO  VibeTags v0.9.5 | https://github.com/PIsberg/vibetags
2026-07-14 19:01:23.722 INFO  Root: C:\dev\private\blindbean\blindbean-example
2026-07-14 19:01:23.744 INFO  Active services (0): 
2026-07-14 19:01:23.745 INFO  @AIPrivacy: 1 — batchedReadings
2026-07-14 19:05:47.291 INFO  VibeTags v0.9.5 | https://github.com/PIsberg/vibetags
2026-07-14 19:05:47.293 INFO  Root: C:\dev\private\blindbean\blindbean-example
2026-07-14 19:05:47.317 INFO  Active services (0): 
2026-07-14 19:05:47.317 INFO  @AIPrivacy: 1 — batchedReadings
2026-07-14 19:27:25.099 INFO  VibeTags v0.9.5 | https://github.com/PIsberg/vibetags
2026-07-14 19:27:25.100 INFO  Root: C:\dev\private\blindbean\blindbean-example
2026-07-14 19:27:25.123 INFO  Active services (0): 
2026-07-14 19:27:25.123 INFO  @AIPrivacy: 1 — batchedReadings
2026-07-14 19:44:28.250 INFO  VibeTags v0.9.5 | https://github.com/PIsberg/vibetags
2026-07-14 19:44:28.252 INFO  Root: C:\dev\private\blindbean\blindbean-example
2026-07-14 19:44:28.277 INFO  Active services (0): 
2026-07-14 19:44:28.277 INFO  @AIPrivacy: 7 — Wallet, Document, NumericEntity, Portfolio, SensorData, TypeZoo, UserAccount
2026-07-14 19:44:28.277 INFO  @AISchemaSafe: 7 — Wallet, Document, NumericEntity, Portfolio, SensorData, TypeZoo, UserAccount
2026-07-14 19:48:47.681 INFO  VibeTags v0.9.5 | https://github.com/PIsberg/vibetags
2026-07-14 19:48:47.683 INFO  Root: C:\dev\private\blindbean\blindbean-example
2026-07-14 19:48:47.706 INFO  Active services (0): 
2026-07-14 19:48:47.706 INFO  @AIPrivacy: 8 — Wallet, Document, NumericEntity, Order, Portfolio, SensorData, TypeZoo, UserAccount
2026-07-14 19:48:47.706 INFO  @AISchemaSafe: 8 — Wallet, Document, NumericEntity, Order, Portfolio, SensorData, TypeZoo, UserAccount
2026-07-14 19:54:14.699 INFO  VibeTags v0.9.5 | https://github.com/PIsberg/vibetags
2026-07-14 19:54:14.701 INFO  Root: C:\dev\private\blindbean\blindbean-example
2026-07-14 19:54:14.725 INFO  Active services (0): 
2026-07-14 19:54:14.725 INFO  @AIPrivacy: 8 — Wallet, Document, NumericEntity, Order, Portfolio, SensorData, TypeZoo, UserAccount
2026-07-14 19:54:14.726 INFO  @AISchemaSafe: 8 — Wallet, Document, NumericEntity, Order, Portfolio, SensorData, TypeZoo, UserAccount
2026-07-14 20:58:20.314 INFO  VibeTags v0.9.5 | https://github.com/PIsberg/vibetags
2026-07-14 20:58:20.315 INFO  Root: C:\dev\private\blindbean\blindbean-example
2026-07-14 20:58:20.338 INFO  Active services (0): 
2026-07-14 20:58:20.338 INFO  @AIPrivacy: 8 — Wallet, Document, NumericEntity, Order, Portfolio, SensorData, TypeZoo, UserAccount
2026-07-14 20:58:20.338 INFO  @AISchemaSafe: 8 — Wallet, Document, NumericEntity, Order, Portfolio, SensorData, TypeZoo, UserAccount
2026-07-14 23:10:53.463 INFO  VibeTags v0.9.5 | https://github.com/PIsberg/vibetags
2026-07-14 23:10:53.465 INFO  Root: C:\dev\private\blindbean\blindbean-example
2026-07-14 23:10:53.493 INFO  Active services (0): 
2026-07-14 23:10:53.493 INFO  @AIPrivacy: 8 — Wallet, Document, NumericEntity, Order, Portfolio, SensorData, TypeZoo, UserAccount
2026-07-14 23:10:53.493 INFO  @AISchemaSafe: 8 — Wallet, Document, NumericEntity, Order, Portfolio, SensorData, TypeZoo, UserAccount
